{"meta": {"format": 3, "version": "7.13.0", "timestamp": "2025-12-30T20:32:07.716705", "branch_coverage": false, "show_contexts": false}, "files": {"didlite/__init__.py": {"executed_lines": [15, 19, 20, 23, 24, 27], "summary": {"covered_lines": 5, "num_statements": 5, "percent_covered": 100.0, "percent_covered_display": "100", "missing_lines": 0, "excluded_lines": 0, "percent_statements_covered": 100.0, "percent_statements_covered_display": "100"}, "missing_lines": [], "excluded_lines": [], "functions": {"": {"executed_lines": [15, 19, 20, 23, 24, 27], "summary": {"covered_lines": 5, "num_statements": 5, "percent_covered": 100.0, "percent_covered_display": "100", "missing_lines": 0, "excluded_lines": 0, "percent_statements_covered": 100.0, "percent_statements_covered_display": "100"}, "missing_lines": [], "excluded_lines": []}}, "classes": {"": {"executed_lines": [15, 19, 20, 23, 24, 27], "summary": {"covered_lines": 5, "num_statements": 5, "percent_covered": 100.0, "percent_covered_display": "100", "missing_lines": 0, "excluded_lines": 0, "percent_statements_covered": 100.0, "percent_statements_covered_display": "100"}, "missing_lines": [], "excluded_lines": []}}}, "didlite/core.py": {"executed_lines": [15, 16, 17, 18, 19, 25, 30, 32, 33, 57, 58, 59, 60, 62, 63, 66, 69, 70, 71, 72, 74, 76, 77, 78, 80, 81, 82, 85, 86, 87, 90, 92, 93, 95, 98, 100, 102, 104, 106, 108, 110, 128, 131, 133, 139, 141, 142, 143, 145, 147, 148, 164, 165, 168, 169, 170, 171, 172, 173, 179, 180, 182, 183, 186, 188, 205, 206, 208, 210, 214, 218, 221, 226, 229, 233, 237, 240, 244, 246, 247, 263, 264, 265, 269, 270, 272, 274, 276, 283, 284, 287, 294, 296, 297, 299, 300, 301, 302, 305, 307, 314, 315, 320, 321, 323, 324, 327, 330, 334, 335, 342, 343, 349, 353, 354, 359], "summary": {"covered_lines": 115, "num_statements": 117, "percent_covered": 98.2905982905983, "percent_covered_display": "98", "missing_lines": 2, "excluded_lines": 2, "percent_statements_covered": 98.2905982905983, "percent_statements_covered_display": "98"}, "missing_lines": [215, 234], "excluded_lines": [25, 26], "functions": {"AgentIdentity.__init__": {"executed_lines": [57, 58, 59, 60, 62, 63, 66, 69, 70, 71, 72, 74, 76, 77, 78, 80, 81, 82, 85, 86, 87, 90, 92, 93], "summary": {"covered_lines": 24, "num_statements": 24, "percent_covered": 100.0, "percent_covered_display": "100", "missing_lines": 0, "excluded_lines": 0, "percent_statements_covered": 100.0, "percent_statements_covered_display": "100"}, "missing_lines": [], "excluded_lines": []}, "AgentIdentity._derive_did": {"executed_lines": [98, 100, 102, 104], "summary": {"covered_lines": 4, "num_statements": 4, "percent_covered": 100.0, "percent_covered_display": "100", "missing_lines": 0, "excluded_lines": 0, "percent_statements_covered": 100.0, "percent_statements_covered_display": "100"}, "missing_lines": [], "excluded_lines": []}, "AgentIdentity.sign": {"executed_lines": [108], "summary": {"covered_lines": 1, "num_statements": 1, "percent_covered": 100.0, "percent_covered_display": "100", "missing_lines": 0, "excluded_lines": 0, "percent_statements_covered": 100.0, "percent_statements_covered_display": "100"}, "missing_lines": [], "excluded_lines": []}, "AgentIdentity.to_jwk": {"executed_lines": [128, 131, 133, 139, 141, 142, 143, 145], "summary": {"covered_lines": 8, "num_statements": 8, "percent_covered": 100.0, "percent_covered_display": "100", "missing_lines": 0, "excluded_lines": 0, "percent_statements_covered": 100.0, "percent_statements_covered_display": "100"}, "missing_lines": [], "excluded_lines": []}, "AgentIdentity.from_jwk": {"executed_lines": [164, 165, 168, 169, 170, 171, 172, 173, 179, 180, 182, 183, 186], "summary": {"covered_lines": 13, "num_statements": 13, "percent_covered": 100.0, "percent_covered_display": "100", "missing_lines": 0, "excluded_lines": 0, "percent_statements_covered": 100.0, "percent_statements_covered_display": "100"}, "missing_lines": [], "excluded_lines": []}, "AgentIdentity.to_pem": {"executed_lines": [205, 206, 208, 210, 214, 218, 221, 226, 229, 233, 237, 240, 244], "summary": {"covered_lines": 13, "num_statements": 15, "percent_covered": 86.66666666666667, "percent_covered_display": "87", "missing_lines": 2, "excluded_lines": 0, "percent_statements_covered": 86.66666666666667, "percent_statements_covered_display": "87"}, "missing_lines": [215, 234], "excluded_lines": []}, "AgentIdentity.from_pem": {"executed_lines": [263, 264, 265, 269, 270, 272, 274, 276, 283, 284, 287, 294, 296, 297, 299, 300, 301, 302, 305], "summary": {"covered_lines": 19, "num_statements": 19, "percent_covered": 100.0, "percent_covered_display": "100", "missing_lines": 0, "excluded_lines": 0, "percent_statements_covered": 100.0, "percent_statements_covered_display": "100"}, "missing_lines": [], "excluded_lines": []}, "resolve_did_to_key": {"executed_lines": [314, 315, 320, 321, 323, 324, 327, 330, 334, 335, 342, 343, 349, 353, 354, 359], "summary": {"covered_lines": 16, "num_statements": 16, "percent_covered": 100.0, "percent_covered_display": "100", "missing_lines": 0, "excluded_lines": 0, "percent_statements_covered": 100.0, "percent_statements_covered_display": "100"}, "missing_lines": [], "excluded_lines": []}, "": {"executed_lines": [15, 16, 17, 18, 19, 25, 30, 32, 33, 95, 106, 110, 147, 148, 188, 246, 247, 307], "summary": {"covered_lines": 17, "num_statements": 17, "percent_covered": 100.0, "percent_covered_display": "100", "missing_lines": 0, "excluded_lines": 2, "percent_statements_covered": 100.0, "percent_statements_covered_display": "100"}, "missing_lines": [], "excluded_lines": [25, 26]}}, "classes": {"AgentIdentity": {"executed_lines": [57, 58, 59, 60, 62, 63, 66, 69, 70, 71, 72, 74, 76, 77, 78, 80, 81, 82, 85, 86, 87, 90, 92, 93, 98, 100, 102, 104, 108, 128, 131, 133, 139, 141, 142, 143, 145, 164, 165, 168, 169, 170, 171, 172, 173, 179, 180, 182, 183, 186, 205, 206, 208, 210, 214, 218, 221, 226, 229, 233, 237, 240, 244, 263, 264, 265, 269, 270, 272, 274, 276, 283, 284, 287, 294, 296, 297, 299, 300, 301, 302, 305], "summary": {"covered_lines": 82, "num_statements": 84, "percent_covered": 97.61904761904762, "percent_covered_display": "98", "missing_lines": 2, "excluded_lines": 0, "percent_statements_covered": 97.61904761904762, "percent_statements_covered_display": "98"}, "missing_lines": [215, 234], "excluded_lines": []}, "": {"executed_lines": [15, 16, 17, 18, 19, 25, 30, 32, 33, 95, 106, 110, 147, 148, 188, 246, 247, 307, 314, 315, 320, 321, 323, 324, 327, 330, 334, 335, 342, 343, 349, 353, 354, 359], "summary": {"covered_lines": 33, "num_statements": 33, "percent_covered": 100.0, "percent_covered_display": "100", "missing_lines": 0, "excluded_lines": 2, "percent_statements_covered": 100.0, "percent_statements_covered_display": "100"}, "missing_lines": [], "excluded_lines": [25, 26]}}}, "didlite/jws.py": {"executed_lines": [15, 16, 17, 18, 19, 22, 40, 41, 42, 44, 75, 78, 79, 82, 83, 84, 85, 88, 97, 99, 102, 103, 104, 107, 112, 113, 116, 119, 120, 122, 124, 157, 158, 159, 164, 167, 168, 172, 173, 174, 176, 179, 180, 183, 186, 187, 189, 192, 193, 198, 199, 200, 203, 204, 205, 206, 209, 210, 211, 213, 215, 216, 219, 221, 254, 256, 257, 258, 263, 266, 267, 270, 272, 273, 275, 277, 279, 280], "summary": {"covered_lines": 78, "num_statements": 79, "percent_covered": 98.73417721518987, "percent_covered_display": "99", "missing_lines": 1, "excluded_lines": 0, "percent_statements_covered": 98.73417721518987, "percent_statements_covered_display": "99"}, "missing_lines": [281], "excluded_lines": [], "functions": {"_b64url_decode": {"executed_lines": [40, 41, 42], "summary": {"covered_lines": 3, "num_statements": 3, "percent_covered": 100.0, "percent_covered_display": "100", "missing_lines": 0, "excluded_lines": 0, "percent_statements_covered": 100.0, "percent_statements_covered_display": "100"}, "missing_lines": [], "excluded_lines": []}, "create_jws": {"executed_lines": [75, 78, 79, 82, 83, 84, 85, 88, 97, 99, 102, 103, 104, 107, 112, 113, 116, 119, 120, 122], "summary": {"covered_lines": 20, "num_statements": 20, "percent_covered": 100.0, "percent_covered_display": "100", "missing_lines": 0, "excluded_lines": 0, "percent_statements_covered": 100.0, "percent_statements_covered_display": "100"}, "missing_lines": [], "excluded_lines": []}, "verify_jws": {"executed_lines": [157, 158, 159, 164, 167, 168, 172, 173, 174, 176, 179, 180, 183, 186, 187, 189, 192, 193, 198, 199, 200, 203, 204, 205, 206, 209, 210, 211, 213, 215, 216, 219], "summary": {"covered_lines": 32, "num_statements": 32, "percent_covered": 100.0, "percent_covered_display": "100", "missing_lines": 0, "excluded_lines": 0, "percent_statements_covered": 100.0, "percent_statements_covered_display": "100"}, "missing_lines": [], "excluded_lines": []}, "extract_signer_did": {"executed_lines": [254, 256, 257, 258, 263, 266, 267, 270, 272, 273, 275, 277, 279, 280], "summary": {"covered_lines": 14, "num_statements": 15, "percent_covered": 93.33333333333333, "percent_covered_display": "93", "missing_lines": 1, "excluded_lines": 0, "percent_statements_covered": 93.33333333333333, "percent_statements_covered_display": "93"}, "missing_lines": [281], "excluded_lines": []}, "": {"executed_lines": [15, 16, 17, 18, 19, 22, 44, 124, 221], "summary": {"covered_lines": 9, "num_statements": 9, "percent_covered": 100.0, "percent_covered_display": "100", "missing_lines": 0, "excluded_lines": 0, "percent_statements_covered": 100.0, "percent_statements_covered_display": "100"}, "missing_lines": [], "excluded_lines": []}}, "classes": {"": {"executed_lines": [15, 16, 17, 18, 19, 22, 40, 41, 42, 44, 75, 78, 79, 82, 83, 84, 85, 88, 97, 99, 102, 103, 104, 107, 112, 113, 116, 119, 120, 122, 124, 157, 158, 159, 164, 167, 168, 172, 173, 174, 176, 179, 180, 183, 186, 187, 189, 192, 193, 198, 199, 200, 203, 204, 205, 206, 209, 210, 211, 213, 215, 216, 219, 221, 254, 256, 257, 258, 263, 266, 267, 270, 272, 273, 275, 277, 279, 280], "summary": {"covered_lines": 78, "num_statements": 79, "percent_covered": 98.73417721518987, "percent_covered_display": "99", "missing_lines": 1, "excluded_lines": 0, "percent_statements_covered": 98.73417721518987, "percent_statements_covered_display": "99"}, "missing_lines": [281], "excluded_lines": []}}}, "didlite/keystore.py": {"executed_lines": [15, 17, 18, 19, 20, 21, 28, 29, 36, 37, 50, 51, 66, 67, 80, 81, 88, 89, 91, 92, 93, 94, 96, 97, 99, 100, 101, 102, 103, 106, 107, 119, 126, 128, 129, 130, 133, 134, 135, 137, 138, 139, 141, 142, 144, 145, 146, 147, 148, 149, 151, 152, 155, 157, 158, 159, 160, 161, 162, 165, 166, 181, 193, 194, 196, 197, 198, 201, 203, 207, 209, 210, 212, 216, 217, 219, 225, 227, 230, 232, 233, 236, 239, 240, 243, 246, 251, 258, 259, 260, 261, 267, 270, 272, 274, 275, 277, 278, 279, 282, 283, 286, 287, 290, 292, 293, 295, 297, 299, 300, 303, 304, 307, 309, 310, 312, 313, 314, 315], "summary": {"covered_lines": 114, "num_statements": 120, "percent_covered": 95.0, "percent_covered_display": "95", "missing_lines": 6, "excluded_lines": 0, "percent_statements_covered": 95.0, "percent_statements_covered_display": "95"}, "missing_lines": [48, 64, 77, 262, 264, 265], "excluded_lines": [], "functions": {"KeyStore.save_seed": {"executed_lines": [], "summary": {"covered_lines": 0, "num_statements": 1, "percent_covered": 0.0, "percent_covered_display": "0", "missing_lines": 1, "excluded_lines": 0, "percent_statements_covered": 0.0, "percent_statements_covered_display": "0"}, "missing_lines": [48], "excluded_lines": []}, "KeyStore.load_seed": {"executed_lines": [], "summary": {"covered_lines": 0, "num_statements": 1, "percent_covered": 0.0, "percent_covered_display": "0", "missing_lines": 1, "excluded_lines": 0, "percent_statements_covered": 0.0, "percent_statements_covered_display": "0"}, "missing_lines": [64], "excluded_lines": []}, "KeyStore.delete_seed": {"executed_lines": [], "summary": {"covered_lines": 0, "num_statements": 1, "percent_covered": 0.0, "percent_covered_display": "0", "missing_lines": 1, "excluded_lines": 0, "percent_statements_covered": 0.0, "percent_statements_covered_display": "0"}, "missing_lines": [77], "excluded_lines": []}, "MemoryKeyStore.__init__": {"executed_lines": [89], "summary": {"covered_lines": 1, "num_statements": 1, "percent_covered": 100.0, "percent_covered_display": "100", "missing_lines": 0, "excluded_lines": 0, "percent_statements_covered": 100.0, "percent_statements_covered_display": "100"}, "missing_lines": [], "excluded_lines": []}, "MemoryKeyStore.save_seed": {"executed_lines": [92, 93, 94], "summary": {"covered_lines": 3, "num_statements": 3, "percent_covered": 100.0, "percent_covered_display": "100", "missing_lines": 0, "excluded_lines": 0, "percent_statements_covered": 100.0, "percent_statements_covered_display": "100"}, "missing_lines": [], "excluded_lines": []}, "MemoryKeyStore.load_seed": {"executed_lines": [97], "summary": {"covered_lines": 1, "num_statements": 1, "percent_covered": 100.0, "percent_covered_display": "100", "missing_lines": 0, "excluded_lines": 0, "percent_statements_covered": 100.0, "percent_statements_covered_display": "100"}, "missing_lines": [], "excluded_lines": []}, "MemoryKeyStore.delete_seed": {"executed_lines": [100, 101, 102, 103], "summary": {"covered_lines": 4, "num_statements": 4, "percent_covered": 100.0, "percent_covered_display": "100", "missing_lines": 0, "excluded_lines": 0, "percent_statements_covered": 100.0, "percent_statements_covered_display": "100"}, "missing_lines": [], "excluded_lines": []}, "EnvKeyStore.__init__": {"executed_lines": [126], "summary": {"covered_lines": 1, "num_statements": 1, "percent_covered": 100.0, "percent_covered_display": "100", "missing_lines": 0, "excluded_lines": 0, "percent_statements_covered": 100.0, "percent_statements_covered_display": "100"}, "missing_lines": [], "excluded_lines": []}, "EnvKeyStore.save_seed": {"executed_lines": [129, 130, 133, 134, 135], "summary": {"covered_lines": 5, "num_statements": 5, "percent_covered": 100.0, "percent_covered_display": "100", "missing_lines": 0, "excluded_lines": 0, "percent_statements_covered": 100.0, "percent_statements_covered_display": "100"}, "missing_lines": [], "excluded_lines": []}, "EnvKeyStore.load_seed": {"executed_lines": [138, 139, 141, 142, 144, 145, 146, 147, 148, 149, 151, 152, 155], "summary": {"covered_lines": 13, "num_statements": 13, "percent_covered": 100.0, "percent_covered_display": "100", "missing_lines": 0, "excluded_lines": 0, "percent_statements_covered": 100.0, "percent_statements_covered_display": "100"}, "missing_lines": [], "excluded_lines": []}, "EnvKeyStore.delete_seed": {"executed_lines": [158, 159, 160, 161, 162], "summary": {"covered_lines": 5, "num_statements": 5, "percent_covered": 100.0, "percent_covered_display": "100", "missing_lines": 0, "excluded_lines": 0, "percent_statements_covered": 100.0, "percent_statements_covered_display": "100"}, "missing_lines": [], "excluded_lines": []}, "FileKeyStore.__init__": {"executed_lines": [193, 194, 196, 197, 198, 201], "summary": {"covered_lines": 6, "num_statements": 6, "percent_covered": 100.0, "percent_covered_display": "100", "missing_lines": 0, "excluded_lines": 0, "percent_statements_covered": 100.0, "percent_statements_covered_display": "100"}, "missing_lines": [], "excluded_lines": []}, "FileKeyStore._get_file_path": {"executed_lines": [207, 209, 210], "summary": {"covered_lines": 3, "num_statements": 3, "percent_covered": 100.0, "percent_covered_display": "100", "missing_lines": 0, "excluded_lines": 0, "percent_statements_covered": 100.0, "percent_statements_covered_display": "100"}, "missing_lines": [], "excluded_lines": []}, "FileKeyStore._derive_key": {"executed_lines": [216, 217, 219, 225], "summary": {"covered_lines": 4, "num_statements": 4, "percent_covered": 100.0, "percent_covered_display": "100", "missing_lines": 0, "excluded_lines": 0, "percent_statements_covered": 100.0, "percent_statements_covered_display": "100"}, "missing_lines": [], "excluded_lines": []}, "FileKeyStore.save_seed": {"executed_lines": [230, 232, 233, 236, 239, 240, 243, 246, 251, 258, 259, 260, 261], "summary": {"covered_lines": 13, "num_statements": 16, "percent_covered": 81.25, "percent_covered_display": "81", "missing_lines": 3, "excluded_lines": 0, "percent_statements_covered": 81.25, "percent_statements_covered_display": "81"}, "missing_lines": [262, 264, 265], "excluded_lines": []}, "FileKeyStore.load_seed": {"executed_lines": [270, 272, 274, 275, 277, 278, 279, 282, 283, 286, 287, 290, 292, 293, 295, 297, 299, 300, 303, 304, 307], "summary": {"covered_lines": 21, "num_statements": 21, "percent_covered": 100.0, "percent_covered_display": "100", "missing_lines": 0, "excluded_lines": 0, "percent_statements_covered": 100.0, "percent_statements_covered_display": "100"}, "missing_lines": [], "excluded_lines": []}, "FileKeyStore.delete_seed": {"executed_lines": [310, 312, 313, 314, 315], "summary": {"covered_lines": 5, "num_statements": 5, "percent_covered": 100.0, "percent_covered_display": "100", "missing_lines": 0, "excluded_lines": 0, "percent_statements_covered": 100.0, "percent_statements_covered_display": "100"}, "missing_lines": [], "excluded_lines": []}, "": {"executed_lines": [15, 17, 18, 19, 20, 21, 28, 29, 36, 37, 50, 51, 66, 67, 80, 81, 88, 91, 96, 99, 106, 107, 119, 128, 137, 157, 165, 166, 181, 203, 212, 227, 267, 309], "summary": {"covered_lines": 29, "num_statements": 29, "percent_covered": 100.0, "percent_covered_display": "100", "missing_lines": 0, "excluded_lines": 0, "percent_statements_covered": 100.0, "percent_statements_covered_display": "100"}, "missing_lines": [], "excluded_lines": []}}, "classes": {"KeyStore": {"executed_lines": [], "summary": {"covered_lines": 0, "num_statements": 3, "percent_covered": 0.0, "percent_covered_display": "0", "missing_lines": 3, "excluded_lines": 0, "percent_statements_covered": 0.0, "percent_statements_covered_display": "0"}, "missing_lines": [48, 64, 77], "excluded_lines": []}, "MemoryKeyStore": {"executed_lines": [89, 92, 93, 94, 97, 100, 101, 102, 103], "summary": {"covered_lines": 9, "num_statements": 9, "percent_covered": 100.0, "percent_covered_display": "100", "missing_lines": 0, "excluded_lines": 0, "percent_statements_covered": 100.0, "percent_statements_covered_display": "100"}, "missing_lines": [], "excluded_lines": []}, "EnvKeyStore": {"executed_lines": [126, 129, 130, 133, 134, 135, 138, 139, 141, 142, 144, 145, 146, 147, 148, 149, 151, 152, 155, 158, 159, 160, 161, 162], "summary": {"covered_lines": 24, "num_statements": 24, "percent_covered": 100.0, "percent_covered_display": "100", "missing_lines": 0, "excluded_lines": 0, "percent_statements_covered": 100.0, "percent_statements_covered_display": "100"}, "missing_lines": [], "excluded_lines": []}, "FileKeyStore": {"executed_lines": [193, 194, 196, 197, 198, 201, 207, 209, 210, 216, 217, 219, 225, 230, 232, 233, 236, 239, 240, 243, 246, 251, 258, 259, 260, 261, 270, 272, 274, 275, 277, 278, 279, 282, 283, 286, 287, 290, 292, 293, 295, 297, 299, 300, 303, 304, 307, 310, 312, 313, 314, 315], "summary": {"covered_lines": 52, "num_statements": 55, "percent_covered": 94.54545454545455, "percent_covered_display": "95", "missing_lines": 3, "excluded_lines": 0, "percent_statements_covered": 94.54545454545455, "percent_statements_covered_display": "95"}, "missing_lines": [262, 264, 265], "excluded_lines": []}, "": {"executed_lines": [15, 17, 18, 19, 20, 21, 28, 29, 36, 37, 50, 51, 66, 67, 80, 81, 88, 91, 96, 99, 106, 107, 119, 128, 137, 157, 165, 166, 181, 203, 212, 227, 267, 309], "summary": {"covered_lines": 29, "num_statements": 29, "percent_covered": 100.0, "percent_covered_display": "100", "missing_lines": 0, "excluded_lines": 0, "percent_statements_covered": 100.0, "percent_statements_covered_display": "100"}, "missing_lines": [], "excluded_lines": []}}}}, "totals": {"covered_lines": 312, "num_statements": 321, "percent_covered": 97.19626168224299, "percent_covered_display": "97", "missing_lines": 9, "excluded_lines": 2, "percent_statements_covered": 97.19626168224299, "percent_statements_covered_display": "97"}}